2016-09-29 16:08:24,448 [main] WARN  o.e.m.c.u.i.a.EnableNatureAction - Skipping project LoanSystem, no pom.xml file present, no reason to have maven nature enabled
2016-09-29 16:08:24,470 [main] WARN  o.e.m.c.u.i.a.EnableNatureAction - Skipping project LoanSystemEAR, no pom.xml file present, no reason to have maven nature enabled
2016-09-29 16:09:38,020 [main] WARN  o.e.m.c.u.i.a.EnableNatureAction - Skipping project LoanSystem, no pom.xml file present, no reason to have maven nature enabled
2016-09-29 16:09:38,032 [main] WARN  o.e.m.c.u.i.a.EnableNatureAction - Skipping project LoanSystemEAR, no pom.xml file present, no reason to have maven nature enabled
2016-09-29 16:10:11,698 [Worker-14] INFO  o.e.m.c.i.l.LifecycleMappingFactory - Using org.maven.ide.eclipse.wtp.AcrLifecycleMapping lifecycle mapping for MavenProject: LoanSystem:LoanSystem:0.0.1-SNAPSHOT @ C:\Users\fred.kaup\OneDrive\Personal Projects\LoanSystem\LoanSystem\pom.xml.
2016-09-29 16:10:13,920 [Worker-12] WARN  o.e.m.c.i.embedder.EclipseLogger - Using platform encoding (Cp1252 actually) to copy filtered resources, i.e. build is platform dependent!
2016-09-29 16:10:13,949 [Worker-12] INFO  o.e.m.c.i.embedder.EclipseLogger - Copying 2 resources
2016-09-29 16:10:13,981 [Worker-12] WARN  o.e.m.c.i.embedder.EclipseLogger - Using platform encoding (Cp1252 actually) to copy filtered resources, i.e. build is platform dependent!
2016-09-29 16:10:13,988 [Worker-12] INFO  o.e.m.c.i.embedder.EclipseLogger - skip non existing resourceDirectory C:\Users\fred.kaup\OneDrive\Personal Projects\LoanSystem\LoanSystem\src\test\resources
2016-09-29 16:10:14,147 [Worker-14] INFO  o.e.m.j.i.AbstractJavaProjectConfigurator - Adding source folder /LoanSystem/appClientModule
2016-09-29 16:10:14,151 [Worker-14] INFO  o.e.m.j.i.AbstractJavaProjectConfigurator - Resources folder /LoanSystem/appClientModule overlaps with sources folder /LoanSystem/appClientModule
2016-09-29 16:10:14,182 [Worker-14] INFO  o.e.m.j.i.AbstractJavaProjectConfigurator - Adding source folder /LoanSystem/src/test/java
2016-09-29 16:10:14,860 [Worker-14] INFO  o.e.m.c.i.p.ProjectConfigurationManager - Update started
2016-09-29 16:10:17,811 [Worker-14] INFO  o.e.m.c.i.l.LifecycleMappingFactory - Using org.maven.ide.eclipse.wtp.AcrLifecycleMapping lifecycle mapping for MavenProject: LoanSystem:LoanSystem:0.0.1-SNAPSHOT @ C:\Users\fred.kaup\OneDrive\Personal Projects\LoanSystem\LoanSystem\pom.xml.
2016-09-29 16:10:18,838 [Worker-22] WARN  o.e.m.c.i.embedder.EclipseLogger - Using platform encoding (Cp1252 actually) to copy filtered resources, i.e. build is platform dependent!
2016-09-29 16:10:18,861 [Worker-22] INFO  o.e.m.c.i.embedder.EclipseLogger - Copying 2 resources
2016-09-29 16:10:18,900 [Worker-22] WARN  o.e.m.c.i.embedder.EclipseLogger - Using platform encoding (Cp1252 actually) to copy filtered resources, i.e. build is platform dependent!
2016-09-29 16:10:18,905 [Worker-22] INFO  o.e.m.c.i.embedder.EclipseLogger - skip non existing resourceDirectory C:\Users\fred.kaup\OneDrive\Personal Projects\LoanSystem\LoanSystem\src\test\resources
2016-09-29 16:10:18,983 [Worker-14] INFO  o.e.m.j.i.AbstractJavaProjectConfigurator - Adding source folder /LoanSystem/appClientModule
2016-09-29 16:10:18,985 [Worker-14] INFO  o.e.m.j.i.AbstractJavaProjectConfigurator - Resources folder /LoanSystem/appClientModule overlaps with sources folder /LoanSystem/appClientModule
2016-09-29 16:10:18,998 [Worker-14] INFO  o.e.m.j.i.AbstractJavaProjectConfigurator - Adding source folder /LoanSystem/src/test/java
2016-09-29 16:10:19,570 [Worker-14] INFO  o.e.m.w.i.f.ResourceFilteringBuildParticipant - Cleaning filtered folder for LoanSystem
2016-09-29 16:10:19,596 [Worker-14] INFO  o.e.m.c.i.p.ProjectConfigurationManager - Update completed: 4 sec
2016-09-29 16:10:19,799 [Worker-21] WARN  o.e.m.c.i.embedder.EclipseLogger - Using platform encoding (Cp1252 actually) to copy filtered resources, i.e. build is platform dependent!
2016-09-29 16:10:19,805 [Worker-21] INFO  o.e.m.c.i.embedder.EclipseLogger - Copying 2 resources
2016-09-29 16:10:19,825 [Worker-21] WARN  o.e.m.c.i.embedder.EclipseLogger - Using platform encoding (Cp1252 actually) to copy filtered resources, i.e. build is platform dependent!
2016-09-29 16:10:19,831 [Worker-21] INFO  o.e.m.c.i.embedder.EclipseLogger - skip non existing resourceDirectory C:\Users\fred.kaup\OneDrive\Personal Projects\LoanSystem\LoanSystem\src\test\resources
2016-09-29 16:10:39,335 [main] INFO  o.e.m2e.actions.ExecutePomAction - Creating new launch configuration
2016-09-29 16:10:56,921 [Worker-23] INFO  o.e.m.i.launch.MavenLaunchDelegate - C:\Users\fred.kaup\OneDrive\Personal Projects\LoanSystem\LoanSystem
2016-09-29 16:10:56,923 [Worker-23] INFO  o.e.m.i.launch.MavenLaunchDelegate -  mvn -B clean install
2016-09-29 16:13:36,202 [Worker-22] WARN  o.e.m.c.i.embedder.EclipseLogger - Using platform encoding (Cp1252 actually) to copy filtered resources, i.e. build is platform dependent!
2016-09-29 16:13:36,217 [Worker-22] INFO  o.e.m.c.i.embedder.EclipseLogger - Copying 2 resources
2016-09-29 16:13:36,241 [Worker-22] WARN  o.e.m.c.i.embedder.EclipseLogger - Using platform encoding (Cp1252 actually) to copy filtered resources, i.e. build is platform dependent!
2016-09-29 16:13:36,246 [Worker-22] INFO  o.e.m.c.i.embedder.EclipseLogger - skip non existing resourceDirectory C:\Users\fred.kaup\OneDrive\Personal Projects\LoanSystem\LoanSystem\src\test\resources
2016-09-29 16:13:41,101 [Worker-26] INFO  o.e.m.i.launch.MavenLaunchDelegate - C:\Users\fred.kaup\OneDrive\Personal Projects\LoanSystem\LoanSystem
2016-09-29 16:13:41,102 [Worker-26] INFO  o.e.m.i.launch.MavenLaunchDelegate -  mvn -B clean install
2016-09-29 16:14:18,912 [Worker-27] WARN  o.e.m.c.i.embedder.EclipseLogger - Using platform encoding (Cp1252 actually) to copy filtered resources, i.e. build is platform dependent!
2016-09-29 16:14:18,925 [Worker-27] INFO  o.e.m.c.i.embedder.EclipseLogger - Copying 0 resource
2016-09-29 16:14:18,928 [Worker-27] WARN  o.e.m.c.i.embedder.EclipseLogger - Using platform encoding (Cp1252 actually) to copy filtered resources, i.e. build is platform dependent!
2016-09-29 16:14:18,933 [Worker-27] INFO  o.e.m.c.i.embedder.EclipseLogger - skip non existing resourceDirectory C:\Users\fred.kaup\OneDrive\Personal Projects\LoanSystem\LoanSystem\src\test\resources
2016-09-29 16:16:41,086 [Worker-28] WARN  o.e.m.c.i.embedder.EclipseLogger - Using platform encoding (Cp1252 actually) to copy filtered resources, i.e. build is platform dependent!
2016-09-29 16:16:41,106 [Worker-28] INFO  o.e.m.c.i.embedder.EclipseLogger - Copying 2 resources
2016-09-29 16:16:41,113 [Worker-28] WARN  o.e.m.c.i.embedder.EclipseLogger - Using platform encoding (Cp1252 actually) to copy filtered resources, i.e. build is platform dependent!
2016-09-29 16:16:41,116 [Worker-28] INFO  o.e.m.c.i.embedder.EclipseLogger - skip non existing resourceDirectory C:\Users\fred.kaup\OneDrive\Personal Projects\LoanSystem\LoanSystem\src\test\resources
